# JRE version: OpenJDK Runtime Environment Temurin-17.0.11+9 (17.0.11+9) (build 17.0.11+9)
# Java VM: OpenJDK 64-Bit Server VM Temurin-17.0.11+9 (17.0.11+9, mixed mode, emulated-client, tiered, compressed oops, compressed class ptrs, g1 gc, windows-amd64)
GC Precious Log:
 CPUs: 6 total, 6 available
 Memory: 7564M
 Large Page Support: Disabled
 NUMA Support: Disabled
 Compressed Oops: Enabled (32-bit)
 Heap Region Size: 1M
 Heap Min Capacity: 8M
 Heap Initial Capacity: 120M
 Heap Max Capacity: 1G
 Pre-touch: Disabled
 Parallel Workers: 6
 Concurrent Workers: 2
 Concurrent Refinement Workers: 6
 Periodic GC: Disabled
Heap:
 garbage-first heap   total 75776K, used 48475K [0x00000000c0000000, 0x0000000100000000)
  region size 1024K, 25 young (25600K), 2 survivors (2048K)
 Metaspace       used 34768K, committed 35136K, reserved 1114112K
  class space    used 4452K, committed 4672K, reserved 1048576K
GC Heap History (10 events):
Event: 1.685 GC heap before
{Heap before GC invocations=0 (full 0):
 garbage-first heap   total 122880K, used 26624K [0x00000000c0000000, 0x0000000100000000)
  region size 1024K, 21 young (21504K), 0 survivors (0K)
 Metaspace       used 7512K, committed 7680K, reserved 1114112K
  class space    used 794K, committed 896K, reserved 1048576K
}
Event: 1.695 GC heap after
{Heap after GC invocations=1 (full 0):
 garbage-first heap   total 122880K, used 16264K [0x00000000c0000000, 0x0000000100000000)
  region size 1024K, 3 young (3072K), 3 survivors (3072K)
 Metaspace       used 7512K, committed 7680K, reserved 1114112K
  class space    used 794K, committed 896K, reserved 1048576K
}
Event: 2.529 GC heap before
{Heap before GC invocations=1 (full 0):
 garbage-first heap   total 122880K, used 34696K [0x00000000c0000000, 0x0000000100000000)
  region size 1024K, 21 young (21504K), 3 survivors (3072K)
 Metaspace       used 12116K, committed 12288K, reserved 1114112K
  class space    used 1481K, committed 1600K, reserved 1048576K
}
Event: 2.534 GC heap after
{Heap after GC invocations=2 (full 0):
 garbage-first heap   total 122880K, used 17459K [0x00000000c0000000, 0x0000000100000000)
  region size 1024K, 2 young (2048K), 2 survivors (2048K)
 Metaspace       used 12116K, committed 12288K, reserved 1114112K
  class space    used 1481K, committed 1600K, reserved 1048576K
}
Event: 4.018 GC heap before
{Heap before GC invocations=2 (full 0):
 garbage-first heap   total 122880K, used 57395K [0x00000000c0000000, 0x0000000100000000)
  region size 1024K, 42 young (43008K), 2 survivors (2048K)
 Metaspace       used 21241K, committed 21504K, reserved 1114112K
  class space    used 2621K, committed 2752K, reserved 1048576K
}
Event: 4.025 GC heap after
{Heap after GC invocations=3 (full 0):
 garbage-first heap   total 122880K, used 20916K [0x00000000c0000000, 0x0000000100000000)
  region size 1024K, 5 young (5120K), 5 survivors (5120K)
 Metaspace       used 21241K, committed 21504K, reserved 1114112K
  class space    used 2621K, committed 2752K, reserved 1048576K
}
Event: 5.041 GC heap before
{Heap before GC invocations=4 (full 0):
 garbage-first heap   total 75776K, used 56756K [0x00000000c0000000, 0x0000000100000000)
  region size 1024K, 42 young (43008K), 5 survivors (5120K)
 Metaspace       used 27712K, committed 27968K, reserved 1114112K
  class space    used 3465K, committed 3584K, reserved 1048576K
}
Event: 5.052 GC heap after
{Heap after GC invocations=5 (full 0):
 garbage-first heap   total 75776K, used 24337K [0x00000000c0000000, 0x0000000100000000)
  region size 1024K, 4 young (4096K), 4 survivors (4096K)
 Metaspace       used 27712K, committed 27968K, reserved 1114112K
  class space    used 3465K, committed 3584K, reserved 1048576K
}
Event: 6.449 GC heap before
{Heap before GC invocations=5 (full 0):
 garbage-first heap   total 75776K, used 48913K [0x00000000c0000000, 0x0000000100000000)
  region size 1024K, 29 young (29696K), 4 survivors (4096K)
 Metaspace       used 31726K, committed 32128K, reserved 1114112K
  class space    used 4023K, committed 4224K, reserved 1048576K
}
Event: 6.457 GC heap after
{Heap after GC invocations=6 (full 0):
 garbage-first heap   total 75776K, used 25947K [0x00000000c0000000, 0x0000000100000000)
  region size 1024K, 2 young (2048K), 2 survivors (2048K)
 Metaspace       used 31726K, committed 32128K, reserved 1114112K
  class space    used 4023K, committed 4224K, reserved 1048576K
}

